<?xml version="1.0" encoding="UTF-8"?>
<!-- Generated by org.testng.reporters.JUnitXMLReporter -->
<testsuite ignored="0" hostname="ASUS_GAMING" failures="0" tests="7" name="Surefire test" time="0.817" errors="0" timestamp="2024-07-29T11:20:04 IST">
  <testcase classname="testBase.BaseClass" name="@BeforeClass setup" time="-1.722232204008E9">
    <failure type="org.testng.TestNGException" message="
Parameter &amp;apos;os&amp;apos; is required by BeforeClass on method setup but has not been marked @Optional or defined
">
      <![CDATA[org.testng.TestNGException: 
Parameter 'os' is required by BeforeClass on method setup but has not been marked @Optional or defined

at java.base/java.util.ArrayList.forEach(ArrayList.java:1597)
... Removed 27 stack frames]]>
    </failure>
  </testcase> <!-- @BeforeClass setup -->
  <testcase classname="testBase.BaseClass" name="@AfterClass tearDown" time="0.0">
    <skipped/>
  </testcase> <!-- @AfterClass tearDown -->
  <testcase classname="testBase.BaseClass" name="@BeforeClass setup" time="-1.722232204034E9">
    <failure type="org.testng.TestNGException" message="
Parameter &amp;apos;os&amp;apos; is required by BeforeClass on method setup but has not been marked @Optional or defined
">
      <![CDATA[org.testng.TestNGException: 
Parameter 'os' is required by BeforeClass on method setup but has not been marked @Optional or defined

at java.base/java.util.ArrayList.forEach(ArrayList.java:1597)
... Removed 27 stack frames]]>
    </failure>
  </testcase> <!-- @BeforeClass setup -->
  <testcase classname="testBase.BaseClass" name="@AfterClass tearDown" time="0.0">
    <skipped/>
  </testcase> <!-- @AfterClass tearDown -->
  <testcase classname="testBase.BaseClass" name="@BeforeClass setup" time="-1.722232204037E9">
    <failure type="org.testng.TestNGException" message="
Parameter &amp;apos;os&amp;apos; is required by BeforeClass on method setup but has not been marked @Optional or defined
">
      <![CDATA[org.testng.TestNGException: 
Parameter 'os' is required by BeforeClass on method setup but has not been marked @Optional or defined

at java.base/java.util.ArrayList.forEach(ArrayList.java:1597)
... Removed 27 stack frames]]>
    </failure>
  </testcase> <!-- @BeforeClass setup -->
  <testcase classname="testBase.BaseClass" name="@AfterClass tearDown" time="0.0">
    <skipped/>
  </testcase> <!-- @AfterClass tearDown -->
  <testcase classname="testCases.TC001_AccountRegistrationTest" name="verify_account_registration" time="0.0">
    <skipped/>
  </testcase> <!-- verify_account_registration -->
  <testcase classname="testCases.TC002_LoginTest" name="account_login" time="0.0">
    <skipped/>
  </testcase> <!-- account_login -->
  <testcase classname="testCases.TC003_LoginDataDrivenTest" name="varify_LoginDDT" time="0.0">
    <skipped/>
  </testcase> <!-- varify_LoginDDT -->
  <testcase classname="testCases.TC003_LoginDataDrivenTest" name="varify_LoginDDT" time="0.0">
    <skipped/>
  </testcase> <!-- varify_LoginDDT -->
  <testcase classname="testCases.TC003_LoginDataDrivenTest" name="varify_LoginDDT" time="0.0">
    <skipped/>
  </testcase> <!-- varify_LoginDDT -->
  <testcase classname="testCases.TC003_LoginDataDrivenTest" name="varify_LoginDDT" time="0.0">
    <skipped/>
  </testcase> <!-- varify_LoginDDT -->
  <testcase classname="testCases.TC003_LoginDataDrivenTest" name="varify_LoginDDT" time="0.0">
    <skipped/>
  </testcase> <!-- varify_LoginDDT -->
</testsuite> <!-- Surefire test -->
